This is XeTeX, Version 3.141592653-2.6-0.999993 (TeX Live 2021) (preloaded format=xelatex 2021.8.13)  14 OCT 2023 11:36
entering extended mode
 restricted \write18 enabled.
 %&-line parsing enabled.
**Strawberry_EDA_Report.tex
(./Strawberry_EDA_Report.tex
LaTeX2e <2021-06-01> patch level 1
L3 programming layer <2021-07-12>

! LaTeX Error: File `scrartcl.cls' not found.

Type X to quit or <RETURN> to proceed,
or enter new name. (Default extension: cls)

Enter file name: 
! Emergency stop.
<read *> 
         
l.10 ^^M
         
Here is how much of TeX's memory you used:
 31 strings out of 478475
 607 string characters out of 5858192
 292526 words of memory out of 5000000
 20450 multiletter control sequences out of 15000+600000
 403430 words of font info for 27 fonts, out of 8000000 for 9000
 14 hyphenation exceptions out of 8191
 19i,0n,29p,119b,17s stack positions out of 5000i,500n,10000p,200000b,80000s

No pages of output.
